<?xml version="1.0" encoding="UTF-8"?>
<!-- Generated by org.testng.reporters.JUnitReportReporter -->
<testsuite hostname="DESKTOP-7EUDCAL" failures="0" tests="2" name="com.sauce.testcases.LoginTest" time="7.472" errors="0" timestamp="2024-06-28T23:11:55 GMT-03:00" skipped="0">
  <testcase classname="com.sauce.testcases.LoginTest" name="invalidLogin" time="4.303"/>
  <system-out/>
  <testcase classname="com.sauce.testcases.LoginTest" name="validLogin" time="3.169"/>
  <system-out/>
</testsuite> <!-- com.sauce.testcases.LoginTest -->
