<?xml version="1.0" encoding="UTF-8"?>
<!-- Generated by org.testng.reporters.JUnitReportReporter -->
<testsuite hostname="DESKTOP-7EUDCAL" failures="0" tests="3" name="com.sauce.testcases.HomeTest" time="19.295" errors="0" timestamp="2024-07-02T22:53:49 GMT-03:00" skipped="0">
  <testcase classname="com.sauce.testcases.HomeTest" name="filter" time="5.840"/>
  <system-out/>
  <testcase classname="com.sauce.testcases.HomeTest" name="removeFromCart" time="7.705"/>
  <system-out/>
  <testcase classname="com.sauce.testcases.HomeTest" name="addtocart" time="5.750"/>
  <system-out/>
</testsuite> <!-- com.sauce.testcases.HomeTest -->
