<?xml version="1.0" encoding="UTF-8"?>
<!-- Generated by org.testng.reporters.JUnitReportReporter -->
<testsuite hostname="DESKTOP-7EUDCAL" failures="0" tests="2" name="com.sauce.testcases.LoginTest" time="8.479" errors="0" timestamp="2024-07-02T22:53:49 GMT-03:00" skipped="0">
  <testcase classname="com.sauce.testcases.LoginTest" name="validLogin" time="4.819"/>
  <system-out/>
  <testcase classname="com.sauce.testcases.LoginTest" name="invalidLogin" time="3.660"/>
  <system-out/>
</testsuite> <!-- com.sauce.testcases.LoginTest -->
