<?xml version="1.0" encoding="UTF-8"?>
<!-- Generated by org.testng.reporters.JUnitReportReporter -->
<testsuite hostname="DESKTOP-7EUDCAL" failures="0" tests="1" name="SauceTests.LogoutTest" time="7.534" errors="0" timestamp="2024-06-25T22:53:42 GMT-03:00" skipped="0">
  <testcase classname="SauceTests.LogoutTest" name="logout" time="7.534"/>
  <system-out/>
</testsuite> <!-- SauceTests.LogoutTest -->
