<?xml version="1.0" encoding="UTF-8"?>
<!-- Generated by org.testng.reporters.JUnitReportReporter -->
<testsuite hostname="DESKTOP-7EUDCAL" failures="0" tests="1" name="SampleTest" time="0.025" errors="0" timestamp="2024-06-25T22:20:16 GMT-03:00" skipped="0">
  <testcase classname="SampleTest" name="method3" time="0.025"/>
  <system-out/>
</testsuite> <!-- SampleTest -->
