<?xml version="1.0" encoding="UTF-8"?>
<!-- Generated by org.testng.reporters.JUnitReportReporter -->
<testsuite hostname="DESKTOP-7EUDCAL" failures="0" tests="3" name="TestAnnotation" time="0.013" errors="0" timestamp="2024-06-25T22:34:42 GMT-03:00" skipped="0">
  <testcase classname="TestAnnotation" name="method2" time="0.004"/>
  <system-out/>
  <testcase classname="TestAnnotation" name="method3" time="0.001"/>
  <system-out/>
  <testcase classname="TestAnnotation" name="method1" time="0.008"/>
  <system-out/>
</testsuite> <!-- TestAnnotation -->
