<?xml version="1.0" encoding="UTF-8"?>
<!-- Generated by org.testng.reporters.JUnitReportReporter -->
<testsuite hostname="DESKTOP-7EUDCAL" failures="0" tests="1" name="SauceTests.OrderTest" time="8.357" errors="0" timestamp="2024-06-25T22:50:06 GMT-03:00" skipped="0">
  <testcase classname="SauceTests.OrderTest" name="order" time="8.357"/>
  <system-out/>
</testsuite> <!-- SauceTests.OrderTest -->
