<?xml version="1.0" encoding="UTF-8"?>
<!-- Generated by org.testng.reporters.JUnitReportReporter -->
<testsuite hostname="DESKTOP-7EUDCAL" failures="0" tests="1" name="Assertions.CompareTest" time="0.033" errors="0" timestamp="2024-06-27T22:18:36 GMT-03:00" skipped="0">
  <testcase classname="Assertions.CompareTest" name="compare" time="0.033"/>
  <system-out/>
</testsuite> <!-- Assertions.CompareTest -->
