<?xml version="1.0" encoding="UTF-8"?>
<!-- Generated by org.testng.reporters.JUnitReportReporter -->
<testsuite hostname="DESKTOP-7EUDCAL" failures="0" tests="3" name="Data_Provider.Logindataprovider" time="19.140" errors="0" timestamp="2024-06-27T22:58:07 GMT-03:00" skipped="0">
  <testcase classname="Data_Provider.Logindataprovider" name="login" time="6.291"/>
  <system-out/>
  <testcase classname="Data_Provider.Logindataprovider" name="login" time="3.884"/>
  <system-out/>
  <testcase classname="Data_Provider.Logindataprovider" name="login" time="8.965"/>
  <system-out/>
</testsuite> <!-- Data_Provider.Logindataprovider -->
