<?xml version="1.0" encoding="UTF-8"?>
<!-- Generated by org.testng.reporters.JUnitReportReporter -->
<testsuite hostname="DESKTOP-7EUDCAL" failures="0" tests="5" name="Groups.GroupTest" time="0.019" errors="0" timestamp="2024-06-27T22:48:32 GMT-03:00" skipped="0">
  <testcase classname="Groups.GroupTest" name="test2" time="0.001"/>
  <system-out/>
  <testcase classname="Groups.GroupTest" name="test5" time="0.003"/>
  <system-out/>
  <testcase classname="Groups.GroupTest" name="test3" time="0.001"/>
  <system-out/>
  <testcase classname="Groups.GroupTest" name="test4" time="0.002"/>
  <system-out/>
  <testcase classname="Groups.GroupTest" name="test1" time="0.012"/>
  <system-out/>
</testsuite> <!-- Groups.GroupTest -->
