<?xml version="1.0" encoding="UTF-8"?>
<!-- Generated by org.testng.reporters.JUnitReportReporter -->
<testsuite hostname="DESKTOP-7EUDCAL" failures="0" tests="6" name="Priotity.Priority_Ex" time="0.042" errors="0" timestamp="2024-06-27T22:13:59 GMT-03:00" skipped="0">
  <testcase classname="Priotity.Priority_Ex" name="transactions" time="0.029"/>
  <system-out/>
  <testcase classname="Priotity.Priority_Ex" name="login" time="0.002"/>
  <system-out/>
  <testcase classname="Priotity.Priority_Ex" name="addtocart" time="0.003"/>
  <system-out/>
  <testcase classname="Priotity.Priority_Ex" name="order" time="0.003"/>
  <system-out/>
  <testcase classname="Priotity.Priority_Ex" name="setup" time="0.003"/>
  <system-out/>
  <testcase classname="Priotity.Priority_Ex" name="profile" time="0.002"/>
  <system-out/>
</testsuite> <!-- Priotity.Priority_Ex -->
