<?xml version="1.0" encoding="UTF-8"?>
<!-- Generated by org.testng.reporters.JUnitReportReporter -->
<testsuite hostname="DESKTOP-7EUDCAL" failures="0" tests="3" name="Data_Provider.DataProvider_Data" time="0.009" errors="0" timestamp="2024-06-27T22:54:17 GMT-03:00" skipped="0">
  <testcase classname="Data_Provider.DataProvider_Data" name="data" time="0.007"/>
  <system-out/>
  <testcase classname="Data_Provider.DataProvider_Data" name="data" time="0.001"/>
  <system-out/>
  <testcase classname="Data_Provider.DataProvider_Data" name="data" time="0.001"/>
  <system-out/>
</testsuite> <!-- Data_Provider.DataProvider_Data -->
