<?xml version="1.0" encoding="UTF-8"?>
<!-- Generated by org.testng.reporters.JUnitReportReporter -->
<testsuite hostname="DESKTOP-7EUDCAL" failures="0" tests="3" name="Ignore.Enable_Ignore_Tests" time="0.017" errors="0" timestamp="2024-06-27T22:26:35 GMT-03:00" skipped="1">
  <testcase classname="Ignore.Enable_Ignore_Tests" name="test1" time="0.016"/>
  <system-out/>
  <testcase classname="Ignore.Enable_Ignore_Tests" name="test3" time="0.001"/>
  <system-out/>
  <testcase classname="Ignore.Enable_Ignore_Tests" name="test2">
    <skipped/>
  </testcase> <!-- test2 -->
  <system-out/>
</testsuite> <!-- Ignore.Enable_Ignore_Tests -->
