<?xml version="1.0" encoding="UTF-8"?>
<!-- Generated by org.testng.reporters.JUnitReportReporter -->
<testsuite hostname="DESKTOP-7EUDCAL" failures="0" tests="1" name="ExceptionHandleTimeOut.Expected_Exception" time="0.018" errors="0" timestamp="2024-06-27T22:37:46 GMT-03:00" skipped="0">
  <testcase classname="ExceptionHandleTimeOut.Expected_Exception" name="test" time="0.018"/>
  <system-out/>
</testsuite> <!-- ExceptionHandleTimeOut.Expected_Exception -->
