<?xml version="1.0" encoding="UTF-8"?>
<!-- Generated by org.testng.reporters.JUnitReportReporter -->
<testsuite hostname="DESKTOP-7EUDCAL" failures="0" tests="3" name="Parallel_Execution.Parallel_Execution" time="23.134" errors="0" timestamp="2024-06-27T23:03:01 GMT-03:00" skipped="0">
  <testcase classname="Parallel_Execution.Parallel_Execution" name="test2" time="7.661"/>
  <system-out/>
  <testcase classname="Parallel_Execution.Parallel_Execution" name="test3" time="8.278"/>
  <system-out/>
  <testcase classname="Parallel_Execution.Parallel_Execution" name="test1" time="7.195"/>
  <system-out/>
</testsuite> <!-- Parallel_Execution.Parallel_Execution -->
