<?xml version="1.0" encoding="UTF-8"?>
<!-- Generated by org.testng.reporters.JUnitReportReporter -->
<testsuite hostname="DESKTOP-7EUDCAL" failures="0" tests="10" name="Invocation.InvocationTest" time="0.027" errors="0" timestamp="2024-06-27T22:28:10 GMT-03:00" skipped="0">
  <testcase classname="Invocation.InvocationTest" name="test" time="0.001"/>
  <system-out/>
  <testcase classname="Invocation.InvocationTest" name="test" time="0.001"/>
  <system-out/>
  <testcase classname="Invocation.InvocationTest" name="test" time="0.001"/>
  <system-out/>
  <testcase classname="Invocation.InvocationTest" name="test" time="0.003"/>
  <system-out/>
  <testcase classname="Invocation.InvocationTest" name="test" time="0.012"/>
  <system-out/>
  <testcase classname="Invocation.InvocationTest" name="test" time="0.001"/>
  <system-out/>
  <testcase classname="Invocation.InvocationTest" name="test" time="0.002"/>
  <system-out/>
  <testcase classname="Invocation.InvocationTest" name="test" time="0.002"/>
  <system-out/>
  <testcase classname="Invocation.InvocationTest" name="test" time="0.002"/>
  <system-out/>
  <testcase classname="Invocation.InvocationTest" name="test" time="0.002"/>
  <system-out/>
</testsuite> <!-- Invocation.InvocationTest -->
