<?xml version="1.0" encoding="UTF-8"?>
<!-- Generated by org.testng.reporters.JUnitReportReporter -->
<testsuite hostname="DESKTOP-7EUDCAL" failures="0" tests="2" name="Parameters.ParameterTest" time="0.010" errors="0" timestamp="2024-06-27T23:06:27 GMT-03:00" skipped="0">
  <testcase classname="Parameters.ParameterTest" name="logintest" time="0.009"/>
  <system-out/>
  <testcase classname="Parameters.ParameterTest" name="logintest" time="0.001"/>
  <system-out/>
</testsuite> <!-- Parameters.ParameterTest -->
